2021-04-23 20:24:00,972 [Worker-1: Loading available Gradle versions] INFO  o.e.b.c.i.u.g.PublishedGradleVersions - Gradle version information cache is up-to-date. Trying to read.
2021-04-23 20:27:25,964 [Worker-2: Creating maven-archetype-quickstart] INFO  o.e.m.c.i.p.ProjectConfigurationManager - Collecting project info '/pom.xml' C:\VodafoneTask\twitterTask\pom.xml
2021-04-23 20:27:27,609 [Worker-2: Creating maven-archetype-quickstart] INFO  o.e.m.c.i.l.LifecycleMappingFactory - Using org.eclipse.m2e.jdt.JarLifecycleMapping lifecycle mapping for MavenProject: twitterTask:twitterTask:0.0.1-SNAPSHOT @ C:\VodafoneTask\twitterTask\pom.xml.
2021-04-23 20:27:28,244 [Worker-2: Creating maven-archetype-quickstart] INFO  o.e.m.j.i.AbstractJavaProjectConfigurator - Adding source folder /twitterTask/src/main/java
2021-04-23 20:27:28,302 [Worker-2: Creating maven-archetype-quickstart] INFO  o.e.m.j.i.AbstractJavaProjectConfigurator - Adding source folder /twitterTask/src/test/java
2021-04-23 20:27:29,432 [Worker-2: Creating maven-archetype-quickstart] INFO  o.e.m.c.i.p.ProjectConfigurationManager - Imported and configured 1 project(s) in 3 sec
2021-04-23 20:27:30,017 [Worker-1: Building] INFO  o.e.m.c.i.embedder.EclipseLogger - Using 'UTF-8' encoding to copy filtered resources.
2021-04-23 20:27:30,017 [Worker-1: Building] INFO  o.e.m.c.i.embedder.EclipseLogger - skip non existing resourceDirectory C:\VodafoneTask\twitterTask\src\main\resources
2021-04-23 20:27:30,021 [Worker-1: Building] INFO  o.e.m.c.i.embedder.EclipseLogger - Using 'UTF-8' encoding to copy filtered resources.
2021-04-23 20:27:30,021 [Worker-1: Building] INFO  o.e.m.c.i.embedder.EclipseLogger - skip non existing resourceDirectory C:\VodafoneTask\twitterTask\src\test\resources
2021-04-23 20:27:48,354 [Worker-1: Building] INFO  o.e.m.c.i.embedder.EclipseLogger - Using 'UTF-8' encoding to copy filtered resources.
2021-04-23 20:27:48,354 [Worker-1: Building] INFO  o.e.m.c.i.embedder.EclipseLogger - skip non existing resourceDirectory C:\VodafoneTask\twitterTask\src\main\resources
2021-04-23 20:27:48,357 [Worker-1: Building] INFO  o.e.m.c.i.embedder.EclipseLogger - Using 'UTF-8' encoding to copy filtered resources.
2021-04-23 20:27:48,357 [Worker-1: Building] INFO  o.e.m.c.i.embedder.EclipseLogger - skip non existing resourceDirectory C:\VodafoneTask\twitterTask\src\test\resources
2021-04-23 20:27:49,432 [Worker-9: Building] INFO  o.e.m.c.i.embedder.EclipseLogger - Using 'UTF-8' encoding to copy filtered resources.
2021-04-23 20:27:49,432 [Worker-9: Building] INFO  o.e.m.c.i.embedder.EclipseLogger - skip non existing resourceDirectory C:\VodafoneTask\twitterTask\src\main\resources
2021-04-23 20:27:49,433 [Worker-9: Building] INFO  o.e.m.c.i.embedder.EclipseLogger - Using 'UTF-8' encoding to copy filtered resources.
2021-04-23 20:27:49,434 [Worker-9: Building] INFO  o.e.m.c.i.embedder.EclipseLogger - skip non existing resourceDirectory C:\VodafoneTask\twitterTask\src\test\resources
2021-04-23 20:27:53,650 [Worker-10: Building] INFO  o.e.m.c.i.embedder.EclipseLogger - Using 'UTF-8' encoding to copy filtered resources.
2021-04-23 20:27:53,650 [Worker-10: Building] INFO  o.e.m.c.i.embedder.EclipseLogger - skip non existing resourceDirectory C:\VodafoneTask\twitterTask\src\main\resources
2021-04-23 20:27:53,652 [Worker-10: Building] INFO  o.e.m.c.i.embedder.EclipseLogger - Using 'UTF-8' encoding to copy filtered resources.
2021-04-23 20:27:53,652 [Worker-10: Building] INFO  o.e.m.c.i.embedder.EclipseLogger - skip non existing resourceDirectory C:\VodafoneTask\twitterTask\src\test\resources
2021-04-23 20:27:54,686 [Worker-9: Building] INFO  o.e.m.c.i.embedder.EclipseLogger - Using 'UTF-8' encoding to copy filtered resources.
2021-04-23 20:27:54,686 [Worker-9: Building] INFO  o.e.m.c.i.embedder.EclipseLogger - skip non existing resourceDirectory C:\VodafoneTask\twitterTask\src\main\resources
2021-04-23 20:27:54,689 [Worker-9: Building] INFO  o.e.m.c.i.embedder.EclipseLogger - Using 'UTF-8' encoding to copy filtered resources.
2021-04-23 20:27:54,689 [Worker-9: Building] INFO  o.e.m.c.i.embedder.EclipseLogger - skip non existing resourceDirectory C:\VodafoneTask\twitterTask\src\test\resources
2021-04-23 20:29:21,175 [Worker-11: Building] INFO  o.e.m.c.i.embedder.EclipseLogger - Using 'UTF-8' encoding to copy filtered resources.
2021-04-23 20:29:21,175 [Worker-11: Building] INFO  o.e.m.c.i.embedder.EclipseLogger - skip non existing resourceDirectory C:\VodafoneTask\twitterTask\src\main\resources
2021-04-23 20:29:21,177 [Worker-11: Building] INFO  o.e.m.c.i.embedder.EclipseLogger - Using 'UTF-8' encoding to copy filtered resources.
2021-04-23 20:29:21,178 [Worker-11: Building] INFO  o.e.m.c.i.embedder.EclipseLogger - skip non existing resourceDirectory C:\VodafoneTask\twitterTask\src\test\resources
2021-04-23 20:29:29,907 [Worker-1: Building] INFO  o.e.m.c.i.embedder.EclipseLogger - Using 'UTF-8' encoding to copy filtered resources.
2021-04-23 20:29:29,907 [Worker-1: Building] INFO  o.e.m.c.i.embedder.EclipseLogger - skip non existing resourceDirectory C:\VodafoneTask\twitterTask\src\main\resources
2021-04-23 20:29:29,909 [Worker-1: Building] INFO  o.e.m.c.i.embedder.EclipseLogger - Using 'UTF-8' encoding to copy filtered resources.
2021-04-23 20:29:29,909 [Worker-1: Building] INFO  o.e.m.c.i.embedder.EclipseLogger - skip non existing resourceDirectory C:\VodafoneTask\twitterTask\src\test\resources
2021-04-23 20:29:34,572 [Worker-10: Building] INFO  o.e.m.c.i.embedder.EclipseLogger - Using 'UTF-8' encoding to copy filtered resources.
2021-04-23 20:29:34,572 [Worker-10: Building] INFO  o.e.m.c.i.embedder.EclipseLogger - skip non existing resourceDirectory C:\VodafoneTask\twitterTask\src\main\resources
2021-04-23 20:29:34,576 [Worker-10: Building] INFO  o.e.m.c.i.embedder.EclipseLogger - Using 'UTF-8' encoding to copy filtered resources.
2021-04-23 20:29:34,576 [Worker-10: Building] INFO  o.e.m.c.i.embedder.EclipseLogger - skip non existing resourceDirectory C:\VodafoneTask\twitterTask\src\test\resources
2021-04-23 20:31:18,458 [Worker-1: Building] INFO  o.e.m.c.i.embedder.EclipseLogger - Using 'UTF-8' encoding to copy filtered resources.
2021-04-23 20:31:18,460 [Worker-1: Building] INFO  o.e.m.c.i.embedder.EclipseLogger - skip non existing resourceDirectory C:\VodafoneTask\twitterTask\src\main\resources
2021-04-23 20:31:18,461 [Worker-1: Building] INFO  o.e.m.c.i.embedder.EclipseLogger - Using 'UTF-8' encoding to copy filtered resources.
2021-04-23 20:31:18,462 [Worker-1: Building] INFO  o.e.m.c.i.embedder.EclipseLogger - skip non existing resourceDirectory C:\VodafoneTask\twitterTask\src\test\resources
2021-04-23 20:31:42,892 [Worker-1: Building] INFO  o.e.m.c.i.l.LifecycleMappingFactory - Using org.eclipse.m2e.jdt.JarLifecycleMapping lifecycle mapping for MavenProject: twitterTask:twitterTask:0.0.1-SNAPSHOT @ C:\VodafoneTask\twitterTask\pom.xml.
2021-04-23 20:31:43,401 [Worker-1: Building] WARN  o.e.m.c.i.embedder.EclipseLogger - Using platform encoding (Cp1252 actually) to copy filtered resources, i.e. build is platform dependent!
2021-04-23 20:31:43,404 [Worker-1: Building] INFO  o.e.m.c.i.embedder.EclipseLogger - skip non existing resourceDirectory C:\VodafoneTask\twitterTask\src\main\resources
2021-04-23 20:31:43,405 [Worker-1: Building] WARN  o.e.m.c.i.embedder.EclipseLogger - Using platform encoding (Cp1252 actually) to copy filtered resources, i.e. build is platform dependent!
2021-04-23 20:31:43,407 [Worker-1: Building] INFO  o.e.m.c.i.embedder.EclipseLogger - skip non existing resourceDirectory C:\VodafoneTask\twitterTask\src\test\resources
2021-04-23 20:32:05,100 [Worker-11: Building] INFO  o.e.m.c.i.l.LifecycleMappingFactory - Using org.eclipse.m2e.jdt.JarLifecycleMapping lifecycle mapping for MavenProject: twitterTask:twitterTask:0.0.1-SNAPSHOT @ C:\VodafoneTask\twitterTask\pom.xml.
2021-04-23 20:32:05,733 [Worker-11: Building] WARN  o.e.m.c.i.embedder.EclipseLogger - Using platform encoding (Cp1252 actually) to copy filtered resources, i.e. build is platform dependent!
2021-04-23 20:32:05,737 [Worker-11: Building] INFO  o.e.m.c.i.embedder.EclipseLogger - skip non existing resourceDirectory C:\VodafoneTask\twitterTask\src\main\resources
2021-04-23 20:32:05,738 [Worker-11: Building] WARN  o.e.m.c.i.embedder.EclipseLogger - Using platform encoding (Cp1252 actually) to copy filtered resources, i.e. build is platform dependent!
2021-04-23 20:32:05,739 [Worker-11: Building] INFO  o.e.m.c.i.embedder.EclipseLogger - skip non existing resourceDirectory C:\VodafoneTask\twitterTask\src\test\resources
2021-04-23 20:32:16,220 [Worker-12: Launching Executing clean in C__VodafoneTask_twitterTask] INFO  o.e.m.i.launch.MavenLaunchDelegate - C:\VodafoneTask\twitterTask
2021-04-23 20:32:16,220 [Worker-12: Launching Executing clean in C__VodafoneTask_twitterTask] INFO  o.e.m.i.launch.MavenLaunchDelegate -  mvn -B clean
2021-04-23 20:32:22,027 [Worker-10: Building] WARN  o.e.m.c.i.embedder.EclipseLogger - Using platform encoding (Cp1252 actually) to copy filtered resources, i.e. build is platform dependent!
2021-04-23 20:32:22,029 [Worker-10: Building] INFO  o.e.m.c.i.embedder.EclipseLogger - skip non existing resourceDirectory C:\VodafoneTask\twitterTask\src\main\resources
2021-04-23 20:32:22,031 [Worker-10: Building] WARN  o.e.m.c.i.embedder.EclipseLogger - Using platform encoding (Cp1252 actually) to copy filtered resources, i.e. build is platform dependent!
2021-04-23 20:32:22,032 [Worker-10: Building] INFO  o.e.m.c.i.embedder.EclipseLogger - skip non existing resourceDirectory C:\VodafoneTask\twitterTask\src\test\resources
2021-04-23 20:43:53,530 [Worker-12: Building] WARN  o.e.m.c.i.embedder.EclipseLogger - Using platform encoding (Cp1252 actually) to copy filtered resources, i.e. build is platform dependent!
2021-04-23 20:43:53,532 [Worker-12: Building] INFO  o.e.m.c.i.embedder.EclipseLogger - skip non existing resourceDirectory C:\VodafoneTask\twitterTask\src\main\resources
2021-04-23 20:43:53,535 [Worker-12: Building] WARN  o.e.m.c.i.embedder.EclipseLogger - Using platform encoding (Cp1252 actually) to copy filtered resources, i.e. build is platform dependent!
2021-04-23 20:43:53,536 [Worker-12: Building] INFO  o.e.m.c.i.embedder.EclipseLogger - skip non existing resourceDirectory C:\VodafoneTask\twitterTask\src\test\resources
2021-04-23 20:43:59,200 [Worker-0: Building] WARN  o.e.m.c.i.embedder.EclipseLogger - Using platform encoding (Cp1252 actually) to copy filtered resources, i.e. build is platform dependent!
2021-04-23 20:43:59,202 [Worker-0: Building] INFO  o.e.m.c.i.embedder.EclipseLogger - skip non existing resourceDirectory C:\VodafoneTask\twitterTask\src\main\resources
2021-04-23 20:43:59,204 [Worker-0: Building] WARN  o.e.m.c.i.embedder.EclipseLogger - Using platform encoding (Cp1252 actually) to copy filtered resources, i.e. build is platform dependent!
2021-04-23 20:43:59,205 [Worker-0: Building] INFO  o.e.m.c.i.embedder.EclipseLogger - skip non existing resourceDirectory C:\VodafoneTask\twitterTask\src\test\resources
2021-04-23 20:47:00,902 [Worker-1: Building] WARN  o.e.m.c.i.embedder.EclipseLogger - Using platform encoding (Cp1252 actually) to copy filtered resources, i.e. build is platform dependent!
2021-04-23 20:47:00,906 [Worker-1: Building] INFO  o.e.m.c.i.embedder.EclipseLogger - skip non existing resourceDirectory C:\VodafoneTask\twitterTask\src\main\resources
2021-04-23 20:47:00,906 [Worker-1: Building] WARN  o.e.m.c.i.embedder.EclipseLogger - Using platform encoding (Cp1252 actually) to copy filtered resources, i.e. build is platform dependent!
2021-04-23 20:47:00,908 [Worker-1: Building] INFO  o.e.m.c.i.embedder.EclipseLogger - skip non existing resourceDirectory C:\VodafoneTask\twitterTask\src\test\resources
2021-04-23 20:47:31,012 [Worker-12: Building] WARN  o.e.m.c.i.embedder.EclipseLogger - Using platform encoding (Cp1252 actually) to copy filtered resources, i.e. build is platform dependent!
2021-04-23 20:47:31,015 [Worker-12: Building] INFO  o.e.m.c.i.embedder.EclipseLogger - skip non existing resourceDirectory C:\VodafoneTask\twitterTask\src\main\resources
2021-04-23 20:47:31,017 [Worker-12: Building] WARN  o.e.m.c.i.embedder.EclipseLogger - Using platform encoding (Cp1252 actually) to copy filtered resources, i.e. build is platform dependent!
2021-04-23 20:47:31,018 [Worker-12: Building] INFO  o.e.m.c.i.embedder.EclipseLogger - skip non existing resourceDirectory C:\VodafoneTask\twitterTask\src\test\resources
2021-04-23 20:48:14,586 [Worker-12: Building] WARN  o.e.m.c.i.embedder.EclipseLogger - Using platform encoding (Cp1252 actually) to copy filtered resources, i.e. build is platform dependent!
2021-04-23 20:48:14,587 [Worker-12: Building] INFO  o.e.m.c.i.embedder.EclipseLogger - skip non existing resourceDirectory C:\VodafoneTask\twitterTask\src\main\resources
2021-04-23 20:48:14,588 [Worker-12: Building] WARN  o.e.m.c.i.embedder.EclipseLogger - Using platform encoding (Cp1252 actually) to copy filtered resources, i.e. build is platform dependent!
2021-04-23 20:48:14,589 [Worker-12: Building] INFO  o.e.m.c.i.embedder.EclipseLogger - skip non existing resourceDirectory C:\VodafoneTask\twitterTask\src\test\resources
2021-04-23 20:48:32,867 [Worker-11: Building] WARN  o.e.m.c.i.embedder.EclipseLogger - Using platform encoding (Cp1252 actually) to copy filtered resources, i.e. build is platform dependent!
2021-04-23 20:48:32,868 [Worker-11: Building] INFO  o.e.m.c.i.embedder.EclipseLogger - skip non existing resourceDirectory C:\VodafoneTask\twitterTask\src\main\resources
2021-04-23 20:48:32,870 [Worker-11: Building] WARN  o.e.m.c.i.embedder.EclipseLogger - Using platform encoding (Cp1252 actually) to copy filtered resources, i.e. build is platform dependent!
2021-04-23 20:48:32,872 [Worker-11: Building] INFO  o.e.m.c.i.embedder.EclipseLogger - skip non existing resourceDirectory C:\VodafoneTask\twitterTask\src\test\resources
2021-04-23 20:48:51,846 [Worker-0: Building] WARN  o.e.m.c.i.embedder.EclipseLogger - Using platform encoding (Cp1252 actually) to copy filtered resources, i.e. build is platform dependent!
2021-04-23 20:48:51,847 [Worker-0: Building] INFO  o.e.m.c.i.embedder.EclipseLogger - skip non existing resourceDirectory C:\VodafoneTask\twitterTask\src\main\resources
2021-04-23 20:48:51,848 [Worker-0: Building] WARN  o.e.m.c.i.embedder.EclipseLogger - Using platform encoding (Cp1252 actually) to copy filtered resources, i.e. build is platform dependent!
2021-04-23 20:48:51,849 [Worker-0: Building] INFO  o.e.m.c.i.embedder.EclipseLogger - skip non existing resourceDirectory C:\VodafoneTask\twitterTask\src\test\resources
2021-04-23 20:49:29,399 [Worker-0: Launching Executing install in C__VodafoneTask_twitterTask] INFO  o.e.m.i.launch.MavenLaunchDelegate - C:\VodafoneTask\twitterTask
2021-04-23 20:49:29,399 [Worker-0: Launching Executing install in C__VodafoneTask_twitterTask] INFO  o.e.m.i.launch.MavenLaunchDelegate -  mvn -B install
2021-04-23 20:50:50,794 [Worker-13: Building] WARN  o.e.m.c.i.embedder.EclipseLogger - Using platform encoding (Cp1252 actually) to copy filtered resources, i.e. build is platform dependent!
2021-04-23 20:50:50,796 [Worker-13: Building] INFO  o.e.m.c.i.embedder.EclipseLogger - skip non existing resourceDirectory C:\VodafoneTask\twitterTask\src\main\resources
2021-04-23 20:50:50,798 [Worker-13: Building] WARN  o.e.m.c.i.embedder.EclipseLogger - Using platform encoding (Cp1252 actually) to copy filtered resources, i.e. build is platform dependent!
2021-04-23 20:50:50,799 [Worker-13: Building] INFO  o.e.m.c.i.embedder.EclipseLogger - skip non existing resourceDirectory C:\VodafoneTask\twitterTask\src\test\resources
2021-04-23 20:51:37,570 [Worker-13: Launching Executing test in C__VodafoneTask_twitterTask] INFO  o.e.m.i.launch.MavenLaunchDelegate - C:\VodafoneTask\twitterTask
2021-04-23 20:51:37,570 [Worker-13: Launching Executing test in C__VodafoneTask_twitterTask] INFO  o.e.m.i.launch.MavenLaunchDelegate -  mvn -B test
2021-04-23 20:52:16,278 [Worker-0: Building] WARN  o.e.m.c.i.embedder.EclipseLogger - Using platform encoding (Cp1252 actually) to copy filtered resources, i.e. build is platform dependent!
2021-04-23 20:52:16,283 [Worker-0: Building] INFO  o.e.m.c.i.embedder.EclipseLogger - skip non existing resourceDirectory C:\VodafoneTask\twitterTask\src\main\resources
2021-04-23 20:52:16,287 [Worker-0: Building] WARN  o.e.m.c.i.embedder.EclipseLogger - Using platform encoding (Cp1252 actually) to copy filtered resources, i.e. build is platform dependent!
2021-04-23 20:52:16,288 [Worker-0: Building] INFO  o.e.m.c.i.embedder.EclipseLogger - skip non existing resourceDirectory C:\VodafoneTask\twitterTask\src\test\resources
2021-04-23 20:52:27,552 [Worker-12: Building] WARN  o.e.m.c.i.embedder.EclipseLogger - Using platform encoding (Cp1252 actually) to copy filtered resources, i.e. build is platform dependent!
2021-04-23 20:52:27,554 [Worker-12: Building] INFO  o.e.m.c.i.embedder.EclipseLogger - skip non existing resourceDirectory C:\VodafoneTask\twitterTask\src\main\resources
2021-04-23 20:52:27,555 [Worker-12: Building] WARN  o.e.m.c.i.embedder.EclipseLogger - Using platform encoding (Cp1252 actually) to copy filtered resources, i.e. build is platform dependent!
2021-04-23 20:52:27,556 [Worker-12: Building] INFO  o.e.m.c.i.embedder.EclipseLogger - skip non existing resourceDirectory C:\VodafoneTask\twitterTask\src\test\resources
2021-04-23 20:52:32,579 [Worker-13: Building] WARN  o.e.m.c.i.embedder.EclipseLogger - Using platform encoding (Cp1252 actually) to copy filtered resources, i.e. build is platform dependent!
2021-04-23 20:52:32,582 [Worker-13: Building] INFO  o.e.m.c.i.embedder.EclipseLogger - skip non existing resourceDirectory C:\VodafoneTask\twitterTask\src\main\resources
2021-04-23 20:52:32,583 [Worker-13: Building] WARN  o.e.m.c.i.embedder.EclipseLogger - Using platform encoding (Cp1252 actually) to copy filtered resources, i.e. build is platform dependent!
2021-04-23 20:52:32,585 [Worker-13: Building] INFO  o.e.m.c.i.embedder.EclipseLogger - skip non existing resourceDirectory C:\VodafoneTask\twitterTask\src\test\resources
2021-04-23 20:52:38,349 [Worker-12: Building] WARN  o.e.m.c.i.embedder.EclipseLogger - Using platform encoding (Cp1252 actually) to copy filtered resources, i.e. build is platform dependent!
2021-04-23 20:52:38,351 [Worker-12: Building] INFO  o.e.m.c.i.embedder.EclipseLogger - skip non existing resourceDirectory C:\VodafoneTask\twitterTask\src\main\resources
2021-04-23 20:52:38,352 [Worker-12: Building] WARN  o.e.m.c.i.embedder.EclipseLogger - Using platform encoding (Cp1252 actually) to copy filtered resources, i.e. build is platform dependent!
2021-04-23 20:52:38,353 [Worker-12: Building] INFO  o.e.m.c.i.embedder.EclipseLogger - skip non existing resourceDirectory C:\VodafoneTask\twitterTask\src\test\resources
2021-04-23 20:52:43,841 [Worker-0: Building] WARN  o.e.m.c.i.embedder.EclipseLogger - Using platform encoding (Cp1252 actually) to copy filtered resources, i.e. build is platform dependent!
2021-04-23 20:52:43,843 [Worker-0: Building] INFO  o.e.m.c.i.embedder.EclipseLogger - skip non existing resourceDirectory C:\VodafoneTask\twitterTask\src\main\resources
2021-04-23 20:52:43,845 [Worker-0: Building] WARN  o.e.m.c.i.embedder.EclipseLogger - Using platform encoding (Cp1252 actually) to copy filtered resources, i.e. build is platform dependent!
2021-04-23 20:52:43,846 [Worker-0: Building] INFO  o.e.m.c.i.embedder.EclipseLogger - skip non existing resourceDirectory C:\VodafoneTask\twitterTask\src\test\resources
2021-04-23 21:08:38,459 [Worker-13: Building] WARN  o.e.m.c.i.embedder.EclipseLogger - Using platform encoding (Cp1252 actually) to copy filtered resources, i.e. build is platform dependent!
2021-04-23 21:08:38,461 [Worker-13: Building] INFO  o.e.m.c.i.embedder.EclipseLogger - skip non existing resourceDirectory C:\VodafoneTask\twitterTask\src\main\resources
2021-04-23 21:08:38,463 [Worker-13: Building] WARN  o.e.m.c.i.embedder.EclipseLogger - Using platform encoding (Cp1252 actually) to copy filtered resources, i.e. build is platform dependent!
2021-04-23 21:08:38,464 [Worker-13: Building] INFO  o.e.m.c.i.embedder.EclipseLogger - skip non existing resourceDirectory C:\VodafoneTask\twitterTask\src\test\resources
2021-04-23 21:15:46,330 [Worker-19: Building] WARN  o.e.m.c.i.embedder.EclipseLogger - Using platform encoding (Cp1252 actually) to copy filtered resources, i.e. build is platform dependent!
2021-04-23 21:15:46,332 [Worker-19: Building] INFO  o.e.m.c.i.embedder.EclipseLogger - skip non existing resourceDirectory C:\VodafoneTask\twitterTask\src\main\resources
2021-04-23 21:15:46,333 [Worker-19: Building] WARN  o.e.m.c.i.embedder.EclipseLogger - Using platform encoding (Cp1252 actually) to copy filtered resources, i.e. build is platform dependent!
2021-04-23 21:15:46,334 [Worker-19: Building] INFO  o.e.m.c.i.embedder.EclipseLogger - skip non existing resourceDirectory C:\VodafoneTask\twitterTask\src\test\resources
2021-04-23 21:16:30,153 [Worker-13: Building] WARN  o.e.m.c.i.embedder.EclipseLogger - Using platform encoding (Cp1252 actually) to copy filtered resources, i.e. build is platform dependent!
2021-04-23 21:16:30,155 [Worker-13: Building] INFO  o.e.m.c.i.embedder.EclipseLogger - skip non existing resourceDirectory C:\VodafoneTask\twitterTask\src\main\resources
2021-04-23 21:16:30,156 [Worker-13: Building] WARN  o.e.m.c.i.embedder.EclipseLogger - Using platform encoding (Cp1252 actually) to copy filtered resources, i.e. build is platform dependent!
2021-04-23 21:16:30,157 [Worker-13: Building] INFO  o.e.m.c.i.embedder.EclipseLogger - skip non existing resourceDirectory C:\VodafoneTask\twitterTask\src\test\resources
2021-04-23 21:16:43,413 [Worker-19: Building] WARN  o.e.m.c.i.embedder.EclipseLogger - Using platform encoding (Cp1252 actually) to copy filtered resources, i.e. build is platform dependent!
2021-04-23 21:16:43,414 [Worker-19: Building] INFO  o.e.m.c.i.embedder.EclipseLogger - skip non existing resourceDirectory C:\VodafoneTask\twitterTask\src\main\resources
2021-04-23 21:16:43,416 [Worker-19: Building] WARN  o.e.m.c.i.embedder.EclipseLogger - Using platform encoding (Cp1252 actually) to copy filtered resources, i.e. build is platform dependent!
2021-04-23 21:16:43,419 [Worker-19: Building] INFO  o.e.m.c.i.embedder.EclipseLogger - skip non existing resourceDirectory C:\VodafoneTask\twitterTask\src\test\resources
2021-04-23 21:19:14,213 [Worker-13: Building] WARN  o.e.m.c.i.embedder.EclipseLogger - Using platform encoding (Cp1252 actually) to copy filtered resources, i.e. build is platform dependent!
2021-04-23 21:19:14,239 [Worker-13: Building] INFO  o.e.m.c.i.embedder.EclipseLogger - skip non existing resourceDirectory C:\VodafoneTask\twitterTask\src\main\resources
2021-04-23 21:19:14,240 [Worker-13: Building] WARN  o.e.m.c.i.embedder.EclipseLogger - Using platform encoding (Cp1252 actually) to copy filtered resources, i.e. build is platform dependent!
2021-04-23 21:19:14,242 [Worker-13: Building] INFO  o.e.m.c.i.embedder.EclipseLogger - skip non existing resourceDirectory C:\VodafoneTask\twitterTask\src\test\resources
2021-04-23 21:19:22,227 [Worker-13: Building] WARN  o.e.m.c.i.embedder.EclipseLogger - Using platform encoding (Cp1252 actually) to copy filtered resources, i.e. build is platform dependent!
2021-04-23 21:19:22,230 [Worker-13: Building] INFO  o.e.m.c.i.embedder.EclipseLogger - skip non existing resourceDirectory C:\VodafoneTask\twitterTask\src\main\resources
2021-04-23 21:19:22,231 [Worker-13: Building] WARN  o.e.m.c.i.embedder.EclipseLogger - Using platform encoding (Cp1252 actually) to copy filtered resources, i.e. build is platform dependent!
2021-04-23 21:19:22,233 [Worker-13: Building] INFO  o.e.m.c.i.embedder.EclipseLogger - skip non existing resourceDirectory C:\VodafoneTask\twitterTask\src\test\resources
2021-04-23 21:19:44,787 [Worker-20: Building] WARN  o.e.m.c.i.embedder.EclipseLogger - Using platform encoding (Cp1252 actually) to copy filtered resources, i.e. build is platform dependent!
2021-04-23 21:19:44,791 [Worker-20: Building] INFO  o.e.m.c.i.embedder.EclipseLogger - skip non existing resourceDirectory C:\VodafoneTask\twitterTask\src\main\resources
2021-04-23 21:19:44,793 [Worker-20: Building] WARN  o.e.m.c.i.embedder.EclipseLogger - Using platform encoding (Cp1252 actually) to copy filtered resources, i.e. build is platform dependent!
2021-04-23 21:19:44,795 [Worker-20: Building] INFO  o.e.m.c.i.embedder.EclipseLogger - skip non existing resourceDirectory C:\VodafoneTask\twitterTask\src\test\resources
2021-04-23 21:19:58,085 [Worker-13: Building] WARN  o.e.m.c.i.embedder.EclipseLogger - Using platform encoding (Cp1252 actually) to copy filtered resources, i.e. build is platform dependent!
2021-04-23 21:19:58,087 [Worker-13: Building] INFO  o.e.m.c.i.embedder.EclipseLogger - skip non existing resourceDirectory C:\VodafoneTask\twitterTask\src\main\resources
2021-04-23 21:19:58,088 [Worker-13: Building] WARN  o.e.m.c.i.embedder.EclipseLogger - Using platform encoding (Cp1252 actually) to copy filtered resources, i.e. build is platform dependent!
2021-04-23 21:19:58,090 [Worker-13: Building] INFO  o.e.m.c.i.embedder.EclipseLogger - skip non existing resourceDirectory C:\VodafoneTask\twitterTask\src\test\resources
2021-04-23 21:23:47,490 [Worker-20: Building] WARN  o.e.m.c.i.embedder.EclipseLogger - Using platform encoding (Cp1252 actually) to copy filtered resources, i.e. build is platform dependent!
2021-04-23 21:23:47,491 [Worker-20: Building] INFO  o.e.m.c.i.embedder.EclipseLogger - skip non existing resourceDirectory C:\VodafoneTask\twitterTask\src\main\resources
2021-04-23 21:23:47,493 [Worker-20: Building] WARN  o.e.m.c.i.embedder.EclipseLogger - Using platform encoding (Cp1252 actually) to copy filtered resources, i.e. build is platform dependent!
2021-04-23 21:23:47,494 [Worker-20: Building] INFO  o.e.m.c.i.embedder.EclipseLogger - skip non existing resourceDirectory C:\VodafoneTask\twitterTask\src\test\resources
2021-04-23 21:35:04,374 [Worker-23: Building] WARN  o.e.m.c.i.embedder.EclipseLogger - Using platform encoding (Cp1252 actually) to copy filtered resources, i.e. build is platform dependent!
2021-04-23 21:35:04,375 [Worker-23: Building] INFO  o.e.m.c.i.embedder.EclipseLogger - skip non existing resourceDirectory C:\VodafoneTask\twitterTask\src\main\resources
2021-04-23 21:35:04,376 [Worker-23: Building] WARN  o.e.m.c.i.embedder.EclipseLogger - Using platform encoding (Cp1252 actually) to copy filtered resources, i.e. build is platform dependent!
2021-04-23 21:35:04,378 [Worker-23: Building] INFO  o.e.m.c.i.embedder.EclipseLogger - skip non existing resourceDirectory C:\VodafoneTask\twitterTask\src\test\resources
2021-04-23 21:52:36,129 [Worker-22: Building] WARN  o.e.m.c.i.embedder.EclipseLogger - Using platform encoding (Cp1252 actually) to copy filtered resources, i.e. build is platform dependent!
2021-04-23 21:52:36,131 [Worker-22: Building] INFO  o.e.m.c.i.embedder.EclipseLogger - skip non existing resourceDirectory C:\VodafoneTask\twitterTask\src\main\resources
2021-04-23 21:52:36,134 [Worker-22: Building] WARN  o.e.m.c.i.embedder.EclipseLogger - Using platform encoding (Cp1252 actually) to copy filtered resources, i.e. build is platform dependent!
2021-04-23 21:52:36,136 [Worker-22: Building] INFO  o.e.m.c.i.embedder.EclipseLogger - skip non existing resourceDirectory C:\VodafoneTask\twitterTask\src\test\resources
2021-04-23 22:04:15,294 [Worker-30: Building] WARN  o.e.m.c.i.embedder.EclipseLogger - Using platform encoding (Cp1252 actually) to copy filtered resources, i.e. build is platform dependent!
2021-04-23 22:04:15,296 [Worker-30: Building] INFO  o.e.m.c.i.embedder.EclipseLogger - skip non existing resourceDirectory C:\VodafoneTask\twitterTask\src\main\resources
2021-04-23 22:04:15,297 [Worker-30: Building] WARN  o.e.m.c.i.embedder.EclipseLogger - Using platform encoding (Cp1252 actually) to copy filtered resources, i.e. build is platform dependent!
2021-04-23 22:04:15,298 [Worker-30: Building] INFO  o.e.m.c.i.embedder.EclipseLogger - skip non existing resourceDirectory C:\VodafoneTask\twitterTask\src\test\resources
2021-04-23 22:06:24,065 [Worker-32: Building] WARN  o.e.m.c.i.embedder.EclipseLogger - Using platform encoding (Cp1252 actually) to copy filtered resources, i.e. build is platform dependent!
2021-04-23 22:06:24,066 [Worker-32: Building] INFO  o.e.m.c.i.embedder.EclipseLogger - skip non existing resourceDirectory C:\VodafoneTask\twitterTask\src\main\resources
2021-04-23 22:06:24,067 [Worker-32: Building] WARN  o.e.m.c.i.embedder.EclipseLogger - Using platform encoding (Cp1252 actually) to copy filtered resources, i.e. build is platform dependent!
2021-04-23 22:06:24,068 [Worker-32: Building] INFO  o.e.m.c.i.embedder.EclipseLogger - skip non existing resourceDirectory C:\VodafoneTask\twitterTask\src\test\resources
2021-04-23 22:07:05,706 [Worker-33: Building] WARN  o.e.m.c.i.embedder.EclipseLogger - Using platform encoding (Cp1252 actually) to copy filtered resources, i.e. build is platform dependent!
2021-04-23 22:07:05,707 [Worker-33: Building] INFO  o.e.m.c.i.embedder.EclipseLogger - skip non existing resourceDirectory C:\VodafoneTask\twitterTask\src\main\resources
2021-04-23 22:07:05,708 [Worker-33: Building] WARN  o.e.m.c.i.embedder.EclipseLogger - Using platform encoding (Cp1252 actually) to copy filtered resources, i.e. build is platform dependent!
2021-04-23 22:07:05,709 [Worker-33: Building] INFO  o.e.m.c.i.embedder.EclipseLogger - skip non existing resourceDirectory C:\VodafoneTask\twitterTask\src\test\resources
2021-04-23 22:20:00,859 [Worker-30: Building] WARN  o.e.m.c.i.embedder.EclipseLogger - Using platform encoding (Cp1252 actually) to copy filtered resources, i.e. build is platform dependent!
2021-04-23 22:20:00,860 [Worker-30: Building] INFO  o.e.m.c.i.embedder.EclipseLogger - skip non existing resourceDirectory C:\VodafoneTask\twitterTask\src\main\resources
2021-04-23 22:20:00,861 [Worker-30: Building] WARN  o.e.m.c.i.embedder.EclipseLogger - Using platform encoding (Cp1252 actually) to copy filtered resources, i.e. build is platform dependent!
2021-04-23 22:20:00,862 [Worker-30: Building] INFO  o.e.m.c.i.embedder.EclipseLogger - skip non existing resourceDirectory C:\VodafoneTask\twitterTask\src\test\resources
2021-04-23 22:20:14,156 [Worker-30: Building] WARN  o.e.m.c.i.embedder.EclipseLogger - Using platform encoding (Cp1252 actually) to copy filtered resources, i.e. build is platform dependent!
2021-04-23 22:20:14,158 [Worker-30: Building] INFO  o.e.m.c.i.embedder.EclipseLogger - skip non existing resourceDirectory C:\VodafoneTask\twitterTask\src\main\resources
2021-04-23 22:20:14,159 [Worker-30: Building] WARN  o.e.m.c.i.embedder.EclipseLogger - Using platform encoding (Cp1252 actually) to copy filtered resources, i.e. build is platform dependent!
2021-04-23 22:20:14,160 [Worker-30: Building] INFO  o.e.m.c.i.embedder.EclipseLogger - skip non existing resourceDirectory C:\VodafoneTask\twitterTask\src\test\resources
2021-04-23 22:23:09,751 [Worker-35: Building] WARN  o.e.m.c.i.embedder.EclipseLogger - Using platform encoding (Cp1252 actually) to copy filtered resources, i.e. build is platform dependent!
2021-04-23 22:23:09,752 [Worker-35: Building] INFO  o.e.m.c.i.embedder.EclipseLogger - skip non existing resourceDirectory C:\VodafoneTask\twitterTask\src\main\resources
2021-04-23 22:23:09,754 [Worker-35: Building] WARN  o.e.m.c.i.embedder.EclipseLogger - Using platform encoding (Cp1252 actually) to copy filtered resources, i.e. build is platform dependent!
2021-04-23 22:23:09,756 [Worker-35: Building] INFO  o.e.m.c.i.embedder.EclipseLogger - skip non existing resourceDirectory C:\VodafoneTask\twitterTask\src\test\resources
2021-04-23 22:46:21,557 [Worker-38: Building] WARN  o.e.m.c.i.embedder.EclipseLogger - Using platform encoding (Cp1252 actually) to copy filtered resources, i.e. build is platform dependent!
2021-04-23 22:46:21,559 [Worker-38: Building] INFO  o.e.m.c.i.embedder.EclipseLogger - skip non existing resourceDirectory C:\VodafoneTask\twitterTask\src\main\resources
2021-04-23 22:46:21,560 [Worker-38: Building] WARN  o.e.m.c.i.embedder.EclipseLogger - Using platform encoding (Cp1252 actually) to copy filtered resources, i.e. build is platform dependent!
2021-04-23 22:46:21,562 [Worker-38: Building] INFO  o.e.m.c.i.embedder.EclipseLogger - skip non existing resourceDirectory C:\VodafoneTask\twitterTask\src\test\resources
2021-04-23 22:47:05,251 [Worker-44: Building] WARN  o.e.m.c.i.embedder.EclipseLogger - Using platform encoding (Cp1252 actually) to copy filtered resources, i.e. build is platform dependent!
2021-04-23 22:47:05,253 [Worker-44: Building] INFO  o.e.m.c.i.embedder.EclipseLogger - skip non existing resourceDirectory C:\VodafoneTask\twitterTask\src\main\resources
2021-04-23 22:47:05,254 [Worker-44: Building] WARN  o.e.m.c.i.embedder.EclipseLogger - Using platform encoding (Cp1252 actually) to copy filtered resources, i.e. build is platform dependent!
2021-04-23 22:47:05,255 [Worker-44: Building] INFO  o.e.m.c.i.embedder.EclipseLogger - skip non existing resourceDirectory C:\VodafoneTask\twitterTask\src\test\resources
2021-04-23 22:47:40,332 [Worker-41: Launching Executing test in C__VodafoneTask_twitterTask] INFO  o.e.m.i.launch.MavenLaunchDelegate - C:\VodafoneTask\twitterTask
2021-04-23 22:47:40,332 [Worker-41: Launching Executing test in C__VodafoneTask_twitterTask] INFO  o.e.m.i.launch.MavenLaunchDelegate -  mvn -B test
2021-04-23 22:49:42,030 [Worker-38: Launching Executing generate-sources in C__VodafoneTask_twitterTask] INFO  o.e.m.i.launch.MavenLaunchDelegate - C:\VodafoneTask\twitterTask
2021-04-23 22:49:42,031 [Worker-38: Launching Executing generate-sources in C__VodafoneTask_twitterTask] INFO  o.e.m.i.launch.MavenLaunchDelegate -  mvn -B generate-sources
2021-04-23 22:50:42,112 [Worker-38: Building] WARN  o.e.m.c.i.embedder.EclipseLogger - Using platform encoding (Cp1252 actually) to copy filtered resources, i.e. build is platform dependent!
2021-04-23 22:50:42,114 [Worker-38: Building] INFO  o.e.m.c.i.embedder.EclipseLogger - skip non existing resourceDirectory C:\VodafoneTask\twitterTask\src\main\resources
2021-04-23 22:50:42,115 [Worker-38: Building] WARN  o.e.m.c.i.embedder.EclipseLogger - Using platform encoding (Cp1252 actually) to copy filtered resources, i.e. build is platform dependent!
2021-04-23 22:50:42,116 [Worker-38: Building] INFO  o.e.m.c.i.embedder.EclipseLogger - skip non existing resourceDirectory C:\VodafoneTask\twitterTask\src\test\resources
2021-04-23 22:51:00,221 [Worker-41: Launching Executing clean in C__VodafoneTask_twitterTask] INFO  o.e.m.i.launch.MavenLaunchDelegate - C:\VodafoneTask\twitterTask
2021-04-23 22:51:00,222 [Worker-41: Launching Executing clean in C__VodafoneTask_twitterTask] INFO  o.e.m.i.launch.MavenLaunchDelegate -  mvn -B clean
2021-04-23 22:51:03,068 [Worker-43: Building] WARN  o.e.m.c.i.embedder.EclipseLogger - Using platform encoding (Cp1252 actually) to copy filtered resources, i.e. build is platform dependent!
2021-04-23 22:51:03,069 [Worker-43: Building] INFO  o.e.m.c.i.embedder.EclipseLogger - skip non existing resourceDirectory C:\VodafoneTask\twitterTask\src\main\resources
2021-04-23 22:51:03,070 [Worker-43: Building] WARN  o.e.m.c.i.embedder.EclipseLogger - Using platform encoding (Cp1252 actually) to copy filtered resources, i.e. build is platform dependent!
2021-04-23 22:51:03,071 [Worker-43: Building] INFO  o.e.m.c.i.embedder.EclipseLogger - skip non existing resourceDirectory C:\VodafoneTask\twitterTask\src\test\resources
2021-04-23 22:51:25,407 [Worker-38: Launching Executing install in C__VodafoneTask_twitterTask] INFO  o.e.m.i.launch.MavenLaunchDelegate - C:\VodafoneTask\twitterTask
2021-04-23 22:51:25,407 [Worker-38: Launching Executing install in C__VodafoneTask_twitterTask] INFO  o.e.m.i.launch.MavenLaunchDelegate -  mvn -B install
2021-04-23 22:51:30,385 [Worker-41: Building] WARN  o.e.m.c.i.embedder.EclipseLogger - Using platform encoding (Cp1252 actually) to copy filtered resources, i.e. build is platform dependent!
2021-04-23 22:51:30,388 [Worker-41: Building] INFO  o.e.m.c.i.embedder.EclipseLogger - skip non existing resourceDirectory C:\VodafoneTask\twitterTask\src\main\resources
2021-04-23 22:51:30,389 [Worker-41: Building] WARN  o.e.m.c.i.embedder.EclipseLogger - Using platform encoding (Cp1252 actually) to copy filtered resources, i.e. build is platform dependent!
2021-04-23 22:51:30,391 [Worker-41: Building] INFO  o.e.m.c.i.embedder.EclipseLogger - skip non existing resourceDirectory C:\VodafoneTask\twitterTask\src\test\resources
2021-04-23 22:52:57,605 [Worker-41: Building] WARN  o.e.m.c.i.embedder.EclipseLogger - Using platform encoding (Cp1252 actually) to copy filtered resources, i.e. build is platform dependent!
2021-04-23 22:52:57,606 [Worker-41: Building] INFO  o.e.m.c.i.embedder.EclipseLogger - skip non existing resourceDirectory C:\VodafoneTask\twitterTask\src\main\resources
2021-04-23 22:52:57,607 [Worker-41: Building] WARN  o.e.m.c.i.embedder.EclipseLogger - Using platform encoding (Cp1252 actually) to copy filtered resources, i.e. build is platform dependent!
2021-04-23 22:52:57,609 [Worker-41: Building] INFO  o.e.m.c.i.embedder.EclipseLogger - skip non existing resourceDirectory C:\VodafoneTask\twitterTask\src\test\resources
2021-04-23 22:53:08,158 [Worker-41: Building] WARN  o.e.m.c.i.embedder.EclipseLogger - Using platform encoding (Cp1252 actually) to copy filtered resources, i.e. build is platform dependent!
2021-04-23 22:53:08,159 [Worker-41: Building] INFO  o.e.m.c.i.embedder.EclipseLogger - skip non existing resourceDirectory C:\VodafoneTask\twitterTask\src\main\resources
2021-04-23 22:53:08,160 [Worker-41: Building] WARN  o.e.m.c.i.embedder.EclipseLogger - Using platform encoding (Cp1252 actually) to copy filtered resources, i.e. build is platform dependent!
2021-04-23 22:53:08,161 [Worker-41: Building] INFO  o.e.m.c.i.embedder.EclipseLogger - skip non existing resourceDirectory C:\VodafoneTask\twitterTask\src\test\resources
2021-04-23 22:53:25,725 [Worker-46: Building] WARN  o.e.m.c.i.embedder.EclipseLogger - Using platform encoding (Cp1252 actually) to copy filtered resources, i.e. build is platform dependent!
2021-04-23 22:53:25,726 [Worker-46: Building] INFO  o.e.m.c.i.embedder.EclipseLogger - skip non existing resourceDirectory C:\VodafoneTask\twitterTask\src\main\resources
2021-04-23 22:53:25,727 [Worker-46: Building] WARN  o.e.m.c.i.embedder.EclipseLogger - Using platform encoding (Cp1252 actually) to copy filtered resources, i.e. build is platform dependent!
2021-04-23 22:53:25,728 [Worker-46: Building] INFO  o.e.m.c.i.embedder.EclipseLogger - skip non existing resourceDirectory C:\VodafoneTask\twitterTask\src\test\resources
2021-04-23 22:54:12,657 [Worker-33: Building] WARN  o.e.m.c.i.embedder.EclipseLogger - Using platform encoding (Cp1252 actually) to copy filtered resources, i.e. build is platform dependent!
2021-04-23 22:54:12,660 [Worker-33: Building] INFO  o.e.m.c.i.embedder.EclipseLogger - skip non existing resourceDirectory C:\VodafoneTask\twitterTask\src\main\resources
2021-04-23 22:54:12,661 [Worker-33: Building] WARN  o.e.m.c.i.embedder.EclipseLogger - Using platform encoding (Cp1252 actually) to copy filtered resources, i.e. build is platform dependent!
2021-04-23 22:54:12,662 [Worker-33: Building] INFO  o.e.m.c.i.embedder.EclipseLogger - skip non existing resourceDirectory C:\VodafoneTask\twitterTask\src\test\resources
2021-04-23 22:56:11,639 [Worker-33: Launching Executing generate-sources in C__VodafoneTask_twitterTask] INFO  o.e.m.i.launch.MavenLaunchDelegate - C:\VodafoneTask\twitterTask
2021-04-23 22:56:11,639 [Worker-33: Launching Executing generate-sources in C__VodafoneTask_twitterTask] INFO  o.e.m.i.launch.MavenLaunchDelegate -  mvn -B generate-sources
2021-04-23 22:57:02,003 [Worker-48: Building] WARN  o.e.m.c.i.embedder.EclipseLogger - Using platform encoding (Cp1252 actually) to copy filtered resources, i.e. build is platform dependent!
2021-04-23 22:57:02,004 [Worker-48: Building] INFO  o.e.m.c.i.embedder.EclipseLogger - skip non existing resourceDirectory C:\VodafoneTask\twitterTask\src\main\resources
2021-04-23 22:57:02,005 [Worker-48: Building] WARN  o.e.m.c.i.embedder.EclipseLogger - Using platform encoding (Cp1252 actually) to copy filtered resources, i.e. build is platform dependent!
2021-04-23 22:57:02,006 [Worker-48: Building] INFO  o.e.m.c.i.embedder.EclipseLogger - skip non existing resourceDirectory C:\VodafoneTask\twitterTask\src\test\resources
2021-04-23 22:57:14,053 [Worker-33: Building] WARN  o.e.m.c.i.embedder.EclipseLogger - Using platform encoding (Cp1252 actually) to copy filtered resources, i.e. build is platform dependent!
2021-04-23 22:57:14,054 [Worker-33: Building] INFO  o.e.m.c.i.embedder.EclipseLogger - skip non existing resourceDirectory C:\VodafoneTask\twitterTask\src\main\resources
2021-04-23 22:57:14,054 [Worker-33: Building] WARN  o.e.m.c.i.embedder.EclipseLogger - Using platform encoding (Cp1252 actually) to copy filtered resources, i.e. build is platform dependent!
2021-04-23 22:57:14,055 [Worker-33: Building] INFO  o.e.m.c.i.embedder.EclipseLogger - skip non existing resourceDirectory C:\VodafoneTask\twitterTask\src\test\resources
2021-04-23 22:58:39,526 [Worker-46: Building] WARN  o.e.m.c.i.embedder.EclipseLogger - Using platform encoding (Cp1252 actually) to copy filtered resources, i.e. build is platform dependent!
2021-04-23 22:58:39,528 [Worker-46: Building] INFO  o.e.m.c.i.embedder.EclipseLogger - skip non existing resourceDirectory C:\VodafoneTask\twitterTask\src\main\resources
2021-04-23 22:58:39,530 [Worker-46: Building] WARN  o.e.m.c.i.embedder.EclipseLogger - Using platform encoding (Cp1252 actually) to copy filtered resources, i.e. build is platform dependent!
2021-04-23 22:58:39,532 [Worker-46: Building] INFO  o.e.m.c.i.embedder.EclipseLogger - skip non existing resourceDirectory C:\VodafoneTask\twitterTask\src\test\resources
2021-04-23 22:59:00,369 [Worker-33: Updating Maven Project] INFO  o.e.m.c.i.p.ProjectConfigurationManager - Update started
2021-04-23 22:59:01,438 [Worker-33: Updating Maven Project] INFO  o.e.m.c.i.l.LifecycleMappingFactory - Using org.eclipse.m2e.jdt.JarLifecycleMapping lifecycle mapping for MavenProject: twitterTask:twitterTask:0.0.1-SNAPSHOT @ C:\VodafoneTask\twitterTask\pom.xml.
2021-04-23 22:59:02,294 [Worker-33: Updating Maven Project] INFO  o.e.m.j.i.AbstractJavaProjectConfigurator - Not adding source folder /twitterTask/src/main/java because it overlaps with /twitterTask/src
2021-04-23 22:59:02,294 [Worker-33: Updating Maven Project] INFO  o.e.m.j.i.AbstractJavaProjectConfigurator - Not adding source folder /twitterTask/src/test/java because it overlaps with /twitterTask/src
2021-04-23 22:59:02,541 [Worker-33: Updating Maven Project] INFO  o.e.m.c.i.p.ProjectConfigurationManager - Update completed: 2 sec
2021-04-23 22:59:03,075 [Worker-48: Building] WARN  o.e.m.c.i.embedder.EclipseLogger - Using platform encoding (Cp1252 actually) to copy filtered resources, i.e. build is platform dependent!
2021-04-23 22:59:03,076 [Worker-48: Building] INFO  o.e.m.c.i.embedder.EclipseLogger - skip non existing resourceDirectory C:\VodafoneTask\twitterTask\src\main\resources
2021-04-23 22:59:03,078 [Worker-48: Building] WARN  o.e.m.c.i.embedder.EclipseLogger - Using platform encoding (Cp1252 actually) to copy filtered resources, i.e. build is platform dependent!
2021-04-23 22:59:03,079 [Worker-48: Building] INFO  o.e.m.c.i.embedder.EclipseLogger - skip non existing resourceDirectory C:\VodafoneTask\twitterTask\src\test\resources
2021-04-23 23:00:44,003 [Worker-48: Building] WARN  o.e.m.c.i.embedder.EclipseLogger - Using platform encoding (Cp1252 actually) to copy filtered resources, i.e. build is platform dependent!
2021-04-23 23:00:44,004 [Worker-48: Building] INFO  o.e.m.c.i.embedder.EclipseLogger - skip non existing resourceDirectory C:\VodafoneTask\twitterTask\src\main\resources
2021-04-23 23:00:44,005 [Worker-48: Building] WARN  o.e.m.c.i.embedder.EclipseLogger - Using platform encoding (Cp1252 actually) to copy filtered resources, i.e. build is platform dependent!
2021-04-23 23:00:44,006 [Worker-48: Building] INFO  o.e.m.c.i.embedder.EclipseLogger - skip non existing resourceDirectory C:\VodafoneTask\twitterTask\src\test\resources
2021-04-23 23:00:46,364 [Worker-47: Building] WARN  o.e.m.c.i.embedder.EclipseLogger - Using platform encoding (Cp1252 actually) to copy filtered resources, i.e. build is platform dependent!
2021-04-23 23:00:46,366 [Worker-47: Building] INFO  o.e.m.c.i.embedder.EclipseLogger - skip non existing resourceDirectory C:\VodafoneTask\twitterTask\src\main\resources
2021-04-23 23:00:46,367 [Worker-47: Building] WARN  o.e.m.c.i.embedder.EclipseLogger - Using platform encoding (Cp1252 actually) to copy filtered resources, i.e. build is platform dependent!
2021-04-23 23:00:46,368 [Worker-47: Building] INFO  o.e.m.c.i.embedder.EclipseLogger - skip non existing resourceDirectory C:\VodafoneTask\twitterTask\src\test\resources
2021-04-23 23:02:41,156 [Worker-63: Building] WARN  o.e.m.c.i.embedder.EclipseLogger - Using platform encoding (Cp1252 actually) to copy filtered resources, i.e. build is platform dependent!
2021-04-23 23:02:41,158 [Worker-63: Building] INFO  o.e.m.c.i.embedder.EclipseLogger - skip non existing resourceDirectory C:\VodafoneTask\twitterTask\src\main\resources
2021-04-23 23:02:41,159 [Worker-63: Building] WARN  o.e.m.c.i.embedder.EclipseLogger - Using platform encoding (Cp1252 actually) to copy filtered resources, i.e. build is platform dependent!
2021-04-23 23:02:41,161 [Worker-63: Building] INFO  o.e.m.c.i.embedder.EclipseLogger - skip non existing resourceDirectory C:\VodafoneTask\twitterTask\src\test\resources
2021-04-23 23:02:57,673 [Worker-2: Loading available Gradle versions] INFO  o.e.b.c.i.u.g.PublishedGradleVersions - Gradle version information cache is up-to-date. Trying to read.
2021-04-23 23:05:41,865 [Worker-5: Building] WARN  o.e.m.c.i.embedder.EclipseLogger - Using platform encoding (Cp1252 actually) to copy filtered resources, i.e. build is platform dependent!
2021-04-23 23:05:41,868 [Worker-5: Building] INFO  o.e.m.c.i.embedder.EclipseLogger - skip non existing resourceDirectory C:\VodafoneTask\twitterTask\src\main\resources
2021-04-23 23:05:41,870 [Worker-5: Building] WARN  o.e.m.c.i.embedder.EclipseLogger - Using platform encoding (Cp1252 actually) to copy filtered resources, i.e. build is platform dependent!
2021-04-23 23:05:41,874 [Worker-5: Building] INFO  o.e.m.c.i.embedder.EclipseLogger - skip non existing resourceDirectory C:\VodafoneTask\twitterTask\src\test\resources
